2018-04-02 17:24:03,689 INFO (Jdk14Logger.java:87)- Starting PoleApplication on EricdeMac-mini.local with PID 3169 (/Users/eric/project/pole/out/production/classes started by eric in /Users/eric/project/pole)
2018-04-02 17:24:03,696 DEBUG (Jdk14Logger.java:87)- Running with Spring Boot v2.0.0.RELEASE, Spring v5.0.4.RELEASE
2018-04-02 17:24:03,697 INFO (Jdk14Logger.java:87)- No active profile set, falling back to default profiles: default
2018-04-02 17:24:07,828 DEBUG (HikariConfig.java:495)- Driver class com.mysql.cj.jdbc.Driver found in Thread context class loader sun.misc.Launcher$AppClassLoader@18b4aac2
2018-04-02 17:24:10,051 INFO (Jdk14Logger.java:87)- Started PoleApplication in 8.163 seconds (JVM running for 9.185)
2018-04-02 17:24:24,690 INFO (DemoController.java:29)- demo
2018-04-02 17:24:24,898 DEBUG (HikariConfig.java:1119)- HikariPool-1 - configuration:
2018-04-02 17:24:24,906 DEBUG (HikariConfig.java:1151)- allowPoolSuspension.............false
2018-04-02 17:24:24,907 DEBUG (HikariConfig.java:1151)- autoCommit......................true
2018-04-02 17:24:24,914 DEBUG (HikariConfig.java:1151)- catalog.........................none
2018-04-02 17:24:24,915 DEBUG (HikariConfig.java:1151)- connectionInitSql...............none
2018-04-02 17:24:24,916 DEBUG (HikariConfig.java:1151)- connectionTestQuery.............none
2018-04-02 17:24:24,916 DEBUG (HikariConfig.java:1151)- connectionTimeout...............30000
2018-04-02 17:24:24,917 DEBUG (HikariConfig.java:1151)- dataSource......................none
2018-04-02 17:24:24,918 DEBUG (HikariConfig.java:1151)- dataSourceClassName.............none
2018-04-02 17:24:24,919 DEBUG (HikariConfig.java:1151)- dataSourceJNDI..................none
2018-04-02 17:24:24,925 DEBUG (HikariConfig.java:1151)- dataSourceProperties............{password=<masked>}
2018-04-02 17:24:24,928 DEBUG (HikariConfig.java:1151)- driverClassName................."com.mysql.cj.jdbc.Driver"
2018-04-02 17:24:24,931 DEBUG (HikariConfig.java:1151)- healthCheckProperties...........{}
2018-04-02 17:24:24,932 DEBUG (HikariConfig.java:1151)- healthCheckRegistry.............none
2018-04-02 17:24:24,933 DEBUG (HikariConfig.java:1151)- idleTimeout.....................600000
2018-04-02 17:24:24,934 DEBUG (HikariConfig.java:1151)- initializationFailFast..........true
2018-04-02 17:24:24,934 DEBUG (HikariConfig.java:1151)- initializationFailTimeout.......1
2018-04-02 17:24:24,935 DEBUG (HikariConfig.java:1151)- isolateInternalQueries..........false
2018-04-02 17:24:24,935 DEBUG (HikariConfig.java:1151)- jdbc4ConnectionTest.............false
2018-04-02 17:24:24,936 DEBUG (HikariConfig.java:1151)- jdbcUrl.........................jdbc:mysql://59.110.216.161:3306/test?useUnicode=true&characterEncoding=utf-8&autoReconnect=true&failOverReadOnly=false&useSSL=true
2018-04-02 17:24:24,937 DEBUG (HikariConfig.java:1151)- leakDetectionThreshold..........0
2018-04-02 17:24:24,938 DEBUG (HikariConfig.java:1151)- maxLifetime.....................1800000
2018-04-02 17:24:24,938 DEBUG (HikariConfig.java:1151)- maximumPoolSize.................10
2018-04-02 17:24:24,939 DEBUG (HikariConfig.java:1151)- metricRegistry..................none
2018-04-02 17:24:24,939 DEBUG (HikariConfig.java:1151)- metricsTrackerFactory...........none
2018-04-02 17:24:24,940 DEBUG (HikariConfig.java:1151)- minimumIdle.....................10
2018-04-02 17:24:24,940 DEBUG (HikariConfig.java:1151)- password........................<masked>
2018-04-02 17:24:24,941 DEBUG (HikariConfig.java:1151)- poolName........................"HikariPool-1"
2018-04-02 17:24:24,941 DEBUG (HikariConfig.java:1151)- readOnly........................false
2018-04-02 17:24:24,942 DEBUG (HikariConfig.java:1151)- registerMbeans..................false
2018-04-02 17:24:24,945 DEBUG (HikariConfig.java:1151)- scheduledExecutor...............none
2018-04-02 17:24:24,945 DEBUG (HikariConfig.java:1151)- scheduledExecutorService........internal
2018-04-02 17:24:24,946 DEBUG (HikariConfig.java:1151)- schema..........................none
2018-04-02 17:24:24,946 DEBUG (HikariConfig.java:1151)- threadFactory...................internal
2018-04-02 17:24:24,947 DEBUG (HikariConfig.java:1151)- transactionIsolation............default
2018-04-02 17:24:24,948 DEBUG (HikariConfig.java:1151)- username........................"root"
2018-04-02 17:24:24,948 DEBUG (HikariConfig.java:1151)- validationTimeout...............5000
2018-04-02 17:24:24,948 INFO (HikariDataSource.java:110)- HikariPool-1 - Starting...
2018-04-02 17:24:25,517 DEBUG (HikariPool.java:538)- HikariPool-1 - Added connection com.mysql.cj.jdbc.ConnectionImpl@2acba897
2018-04-02 17:24:25,520 INFO (HikariDataSource.java:123)- HikariPool-1 - Start completed.
2018-04-02 17:24:25,531 DEBUG (BaseJdbcLogger.java:159)- ==>  Preparing: INSERT INTO demo ( `id` , `name` ) VALUES ( ? , ? ) 
2018-04-02 17:24:25,556 DEBUG (BaseJdbcLogger.java:159)- ==> Parameters: a767f34a26f948d2b14d0fa9f7d92207(String), 张三(String)
2018-04-02 17:24:25,570 DEBUG (BaseJdbcLogger.java:159)- <==    Updates: 1
2018-04-02 17:24:25,584 DEBUG (BaseJdbcLogger.java:159)- ==>  Preparing: SELECT * FROM demo WHERE 1 = 1 
2018-04-02 17:24:25,585 DEBUG (BaseJdbcLogger.java:159)- ==> Parameters: 
2018-04-02 17:24:25,622 DEBUG (HikariPool.java:404)- HikariPool-1 - Pool stats (total=1, active=1, idle=0, waiting=0)
2018-04-02 17:24:25,713 DEBUG (HikariPool.java:700)- HikariPool-1 - Added connection com.mysql.cj.jdbc.ConnectionImpl@1bdd2bcc
2018-04-02 17:24:25,719 DEBUG (BaseJdbcLogger.java:159)- <==      Total: 39
2018-04-02 17:24:25,795 DEBUG (HikariPool.java:700)- HikariPool-1 - Added connection com.mysql.cj.jdbc.ConnectionImpl@7bf2d483
2018-04-02 17:24:25,868 DEBUG (HikariPool.java:700)- HikariPool-1 - Added connection com.mysql.cj.jdbc.ConnectionImpl@7fbc4bd8
2018-04-02 17:24:25,975 DEBUG (HikariPool.java:700)- HikariPool-1 - Added connection com.mysql.cj.jdbc.ConnectionImpl@1cc78e39
2018-04-02 17:24:26,062 DEBUG (HikariPool.java:700)- HikariPool-1 - Added connection com.mysql.cj.jdbc.ConnectionImpl@6bf98c23
2018-04-02 17:24:26,125 DEBUG (HikariPool.java:700)- HikariPool-1 - Added connection com.mysql.cj.jdbc.ConnectionImpl@495d9b83
2018-04-02 17:24:26,206 DEBUG (HikariPool.java:700)- HikariPool-1 - Added connection com.mysql.cj.jdbc.ConnectionImpl@64153366
2018-04-02 17:24:26,312 DEBUG (HikariPool.java:700)- HikariPool-1 - Added connection com.mysql.cj.jdbc.ConnectionImpl@46600dcf
2018-04-02 17:24:26,384 DEBUG (HikariPool.java:700)- HikariPool-1 - Added connection com.mysql.cj.jdbc.ConnectionImpl@52037a78
2018-04-02 17:24:26,384 DEBUG (HikariPool.java:404)- HikariPool-1 - After adding stats (total=10, active=0, idle=10, waiting=0)
2018-04-02 17:24:55,628 DEBUG (HikariPool.java:404)- HikariPool-1 - Pool stats (total=10, active=0, idle=10, waiting=0)
2018-04-02 17:25:25,634 DEBUG (HikariPool.java:404)- HikariPool-1 - Pool stats (total=10, active=0, idle=10, waiting=0)
2018-04-02 17:25:55,638 DEBUG (HikariPool.java:404)- HikariPool-1 - Pool stats (total=10, active=0, idle=10, waiting=0)
2018-04-02 17:26:25,643 DEBUG (HikariPool.java:404)- HikariPool-1 - Pool stats (total=10, active=0, idle=10, waiting=0)
2018-04-02 17:26:55,647 DEBUG (HikariPool.java:404)- HikariPool-1 - Pool stats (total=10, active=0, idle=10, waiting=0)
2018-04-02 17:27:25,652 DEBUG (HikariPool.java:404)- HikariPool-1 - Pool stats (total=10, active=0, idle=10, waiting=0)
2018-04-02 17:27:55,658 DEBUG (HikariPool.java:404)- HikariPool-1 - Pool stats (total=10, active=0, idle=10, waiting=0)
2018-04-02 17:28:25,665 DEBUG (HikariPool.java:404)- HikariPool-1 - Pool stats (total=10, active=0, idle=10, waiting=0)
2018-04-02 17:28:55,668 DEBUG (HikariPool.java:404)- HikariPool-1 - Pool stats (total=10, active=0, idle=10, waiting=0)
2018-04-02 17:29:25,674 DEBUG (HikariPool.java:404)- HikariPool-1 - Pool stats (total=10, active=0, idle=10, waiting=0)
2018-04-02 17:29:55,681 DEBUG (HikariPool.java:404)- HikariPool-1 - Pool stats (total=10, active=0, idle=10, waiting=0)
2018-04-02 17:30:25,687 DEBUG (HikariPool.java:404)- HikariPool-1 - Pool stats (total=10, active=0, idle=10, waiting=0)
2018-04-02 17:30:55,690 DEBUG (HikariPool.java:404)- HikariPool-1 - Pool stats (total=10, active=0, idle=10, waiting=0)
2018-04-02 17:31:25,692 DEBUG (HikariPool.java:404)- HikariPool-1 - Pool stats (total=10, active=0, idle=10, waiting=0)
2018-04-02 17:31:46,730 INFO (HikariDataSource.java:381)- HikariPool-1 - Shutdown initiated...
2018-04-02 17:31:46,731 DEBUG (HikariPool.java:404)- HikariPool-1 - Before shutdown stats (total=10, active=0, idle=10, waiting=0)
2018-04-02 17:31:46,733 DEBUG (PoolBase.java:127)- HikariPool-1 - Closing connection com.mysql.cj.jdbc.ConnectionImpl@2acba897: (connection evicted)
2018-04-02 17:31:46,740 DEBUG (PoolBase.java:127)- HikariPool-1 - Closing connection com.mysql.cj.jdbc.ConnectionImpl@1bdd2bcc: (connection evicted)
2018-04-02 17:31:46,741 DEBUG (PoolBase.java:127)- HikariPool-1 - Closing connection com.mysql.cj.jdbc.ConnectionImpl@7bf2d483: (connection evicted)
2018-04-02 17:31:46,742 DEBUG (PoolBase.java:127)- HikariPool-1 - Closing connection com.mysql.cj.jdbc.ConnectionImpl@7fbc4bd8: (connection evicted)
2018-04-02 17:31:46,743 DEBUG (PoolBase.java:127)- HikariPool-1 - Closing connection com.mysql.cj.jdbc.ConnectionImpl@1cc78e39: (connection evicted)
2018-04-02 17:31:46,744 DEBUG (PoolBase.java:127)- HikariPool-1 - Closing connection com.mysql.cj.jdbc.ConnectionImpl@6bf98c23: (connection evicted)
2018-04-02 17:31:46,744 DEBUG (PoolBase.java:127)- HikariPool-1 - Closing connection com.mysql.cj.jdbc.ConnectionImpl@495d9b83: (connection evicted)
2018-04-02 17:31:46,745 DEBUG (PoolBase.java:127)- HikariPool-1 - Closing connection com.mysql.cj.jdbc.ConnectionImpl@64153366: (connection evicted)
2018-04-02 17:31:46,746 DEBUG (PoolBase.java:127)- HikariPool-1 - Closing connection com.mysql.cj.jdbc.ConnectionImpl@46600dcf: (connection evicted)
2018-04-02 17:31:46,747 DEBUG (PoolBase.java:127)- HikariPool-1 - Closing connection com.mysql.cj.jdbc.ConnectionImpl@52037a78: (connection evicted)
2018-04-02 17:31:46,747 DEBUG (HikariPool.java:404)- HikariPool-1 - After shutdown stats (total=0, active=0, idle=0, waiting=0)
2018-04-02 17:31:46,748 INFO (HikariDataSource.java:383)- HikariPool-1 - Shutdown completed.
